Vivado Simulator 2018.3
Copyright 1986-1999, 2001-2018 Xilinx, Inc. All Rights Reserved.
Running: D:/Xilinx/Vivado/2018.3/bin/unwrapped/win64.o/xelab.exe -wto bf53b91b89ac450fabbec13fe2efc298 --incr --debug typical --relax --mt 2 -L xbip_dsp48_wrapper_v3_0_4 -L xbip_utils_v3_0_9 -L xbip_pipe_v3_0_5 -L xbip_dsp48_macro_v3_0_16 -L xil_defaultlib -L blk_mem_gen_v8_4_2 -L unisims_ver -L unimacro_ver -L secureip -L xpm --snapshot fc1_layer_tb_behav xil_defaultlib.fc1_layer_tb xil_defaultlib.glbl -log elaborate.log 
Using 2 slave threads.
Starting static elaboration
Completed static elaboration
Starting simulation data flow analysis
Completed simulation data flow analysis
Time Resolution for simulation is 1ps
Compiling module xil_defaultlib.fc1_scheduler
Compiling module blk_mem_gen_v8_4_2.blk_mem_gen_v8_4_2_output_stage(...
Compiling module blk_mem_gen_v8_4_2.blk_mem_gen_v8_4_2_softecc_outpu...
Compiling module blk_mem_gen_v8_4_2.blk_mem_gen_v8_4_2_mem_module(C_...
Compiling module blk_mem_gen_v8_4_2.blk_mem_gen_v8_4_2(C_FAMILY="zyn...
Compiling module xil_defaultlib.fc1_weights_bram_0
Compiling module blk_mem_gen_v8_4_2.blk_mem_gen_v8_4_2_mem_module(C_...
Compiling module blk_mem_gen_v8_4_2.blk_mem_gen_v8_4_2(C_FAMILY="zyn...
Compiling module xil_defaultlib.fc1_weights_bram_1
Compiling module blk_mem_gen_v8_4_2.blk_mem_gen_v8_4_2_mem_module(C_...
Compiling module blk_mem_gen_v8_4_2.blk_mem_gen_v8_4_2(C_FAMILY="zyn...
Compiling module xil_defaultlib.fc1_weights_bram_2
Compiling module blk_mem_gen_v8_4_2.blk_mem_gen_v8_4_2_mem_module(C_...
Compiling module blk_mem_gen_v8_4_2.blk_mem_gen_v8_4_2(C_FAMILY="zyn...
Compiling module xil_defaultlib.fc1_weights_bram_3
Compiling module blk_mem_gen_v8_4_2.blk_mem_gen_v8_4_2_output_stage(...
Compiling module blk_mem_gen_v8_4_2.blk_mem_gen_v8_4_2_mem_module(C_...
Compiling module blk_mem_gen_v8_4_2.blk_mem_axi_regs_fwd_v8_4(C_DATA...
Compiling module blk_mem_gen_v8_4_2.blk_mem_gen_v8_4_2(C_FAMILY="zyn...
Compiling module xil_defaultlib.fc1_weights_bram_4
Compiling module blk_mem_gen_v8_4_2.blk_mem_gen_v8_4_2_mem_module(C_...
Compiling module blk_mem_gen_v8_4_2.blk_mem_gen_v8_4_2(C_FAMILY="zyn...
Compiling module xil_defaultlib.fc1_weights_bram_5
Compiling module blk_mem_gen_v8_4_2.blk_mem_gen_v8_4_2_mem_module(C_...
Compiling module blk_mem_gen_v8_4_2.blk_mem_gen_v8_4_2(C_FAMILY="zyn...
Compiling module xil_defaultlib.fc1_weights_bram_6
Compiling module blk_mem_gen_v8_4_2.blk_mem_gen_v8_4_2_mem_module(C_...
Compiling module blk_mem_gen_v8_4_2.blk_mem_gen_v8_4_2(C_FAMILY="zyn...
Compiling module xil_defaultlib.fc1_weights_bram_7
Compiling module xil_defaultlib.fc1_weight_bram_controller
Compiling module blk_mem_gen_v8_4_2.blk_mem_gen_v8_4_2_output_stage(...
Compiling module blk_mem_gen_v8_4_2.blk_mem_gen_v8_4_2_output_stage(...
Compiling module blk_mem_gen_v8_4_2.blk_mem_gen_v8_4_2_softecc_outpu...
Compiling module blk_mem_gen_v8_4_2.blk_mem_gen_v8_4_2_mem_module(C_...
Compiling module blk_mem_gen_v8_4_2.blk_mem_gen_v8_4_2(C_FAMILY="zyn...
Compiling module xil_defaultlib.biases_fc1_blk_mem_gen_1
Compiling module xil_defaultlib.fc1_kernel
Compiling module xil_defaultlib.fc1_layer_default
Compiling module xil_defaultlib.fc1_layer_tb
Compiling module xil_defaultlib.glbl
Built simulation snapshot fc1_layer_tb_behav
